<?xml version="1.0" encoding="UTF-8"?>
<!-- Generated by org.testng.reporters.JUnitXMLReporter -->
<testsuite ignored="0" hostname="Alish" failures="0" tests="4" name="Test" time="0.07" errors="0" timestamp="2021-05-31T21:27:53 IST">
  <testcase classname="qaclickacademy.SeleniumTest" name="BrowserAutomation" time="0.005"/>
  <testcase classname="qaclickacademy.SeleniumTest" name="ElementsUi" time="0.001"/>
  <testcase classname="qaclickacademy.RESTAPITest" name="deleteTwitter" time="0.001"/>
  <testcase classname="qaclickacademy.RESTAPITest" name="postJira" time="0.002"/>
</testsuite> <!-- Test -->
