<?xml version="1.0" encoding="UTF-8"?>
<testng-results ignored="0" total="4" passed="4" failed="0" skipped="0">
  <reporter-output>
  </reporter-output>
  <suite started-at="2021-05-31T21:27:53 IST" name="Suite" finished-at="2021-05-31T21:27:53 IST" duration-ms="70">
    <groups>
    </groups>
    <test started-at="2021-05-31T21:27:53 IST" name="Test" finished-at="2021-05-31T21:27:53 IST" duration-ms="70">
      <class name="qaclickacademy.RESTAPITest">
        <test-method signature="deleteTwitter()[pri:0, instance:qaclickacademy.RESTAPITest@5db250b4]" started-at="2021-05-31T21:27:53 IST" name="deleteTwitter" finished-at="2021-05-31T21:27:53 IST" duration-ms="1" status="PASS">
          <reporter-output>
          </reporter-output>
        </test-method> <!-- deleteTwitter -->
        <test-method signature="postJira()[pri:0, instance:qaclickacademy.RESTAPITest@5db250b4]" started-at="2021-05-31T21:27:53 IST" name="postJira" finished-at="2021-05-31T21:27:53 IST" duration-ms="2" status="PASS">
          <reporter-output>
          </reporter-output>
        </test-method> <!-- postJira -->
      </class> <!-- qaclickacademy.RESTAPITest -->
      <class name="qaclickacademy.SeleniumTest">
        <test-method signature="BrowserAutomation()[pri:0, instance:qaclickacademy.SeleniumTest@7fc2413d]" started-at="2021-05-31T21:27:53 IST" name="BrowserAutomation" finished-at="2021-05-31T21:27:53 IST" duration-ms="5" status="PASS">
          <reporter-output>
          </reporter-output>
        </test-method> <!-- BrowserAutomation -->
        <test-method signature="ElementsUi()[pri:0, instance:qaclickacademy.SeleniumTest@7fc2413d]" started-at="2021-05-31T21:27:53 IST" name="ElementsUi" finished-at="2021-05-31T21:27:53 IST" duration-ms="1" status="PASS">
          <reporter-output>
          </reporter-output>
        </test-method> <!-- ElementsUi -->
      </class> <!-- qaclickacademy.SeleniumTest -->
    </test> <!-- Test -->
  </suite> <!-- Suite -->
</testng-results>
